[0.499s] Invoking command in '/home/katsuki/ros2_ws/src/mypkg': PYTHONPATH=/home/katsuki/ros2_ws/src/mypkg/install/mypkg/lib/python3.6/site-packages:${PYTHONPATH} /usr/bin/python3 setup.py egg_info --egg-base build/mypkg build --build-base /home/katsuki/ros2_ws/src/mypkg/build/mypkg/build install --prefix /home/katsuki/ros2_ws/src/mypkg/install/mypkg --record /home/katsuki/ros2_ws/src/mypkg/build/mypkg/install.log --single-version-externally-managed
[0.684s] running egg_info
[0.684s] writing build/mypkg/mypkg.egg-info/PKG-INFO
[0.685s] writing dependency_links to build/mypkg/mypkg.egg-info/dependency_links.txt
[0.685s] writing entry points to build/mypkg/mypkg.egg-info/entry_points.txt
[0.685s] writing requirements to build/mypkg/mypkg.egg-info/requires.txt
[0.686s] writing top-level names to build/mypkg/mypkg.egg-info/top_level.txt
[0.714s] reading manifest file 'build/mypkg/mypkg.egg-info/SOURCES.txt'
[0.716s] writing manifest file 'build/mypkg/mypkg.egg-info/SOURCES.txt'
[0.716s] running build
[0.716s] running build_py
[0.717s] copying mypkg/talker.py -> /home/katsuki/ros2_ws/src/mypkg/build/mypkg/build/lib/mypkg
[0.717s] copying mypkg/listener.py -> /home/katsuki/ros2_ws/src/mypkg/build/mypkg/build/lib/mypkg
[0.718s] running install
[0.718s] running install_lib
[0.719s] copying /home/katsuki/ros2_ws/src/mypkg/build/mypkg/build/lib/mypkg/talker.py -> /home/katsuki/ros2_ws/src/mypkg/install/mypkg/lib/python3.6/site-packages/mypkg
[0.719s] copying /home/katsuki/ros2_ws/src/mypkg/build/mypkg/build/lib/mypkg/listener.py -> /home/katsuki/ros2_ws/src/mypkg/install/mypkg/lib/python3.6/site-packages/mypkg
[0.720s] byte-compiling /home/katsuki/ros2_ws/src/mypkg/install/mypkg/lib/python3.6/site-packages/mypkg/talker.py to talker.cpython-36.pyc
[0.720s] byte-compiling /home/katsuki/ros2_ws/src/mypkg/install/mypkg/lib/python3.6/site-packages/mypkg/listener.py to listener.cpython-36.pyc
[0.721s] running install_data
[0.721s] copying package.xml -> /home/katsuki/ros2_ws/src/mypkg/install/mypkg/share/mypkg
[0.721s] running install_egg_info
[0.723s] removing '/home/katsuki/ros2_ws/src/mypkg/install/mypkg/lib/python3.6/site-packages/mypkg-0.0.0-py3.6.egg-info' (and everything under it)
[0.724s] Copying build/mypkg/mypkg.egg-info to /home/katsuki/ros2_ws/src/mypkg/install/mypkg/lib/python3.6/site-packages/mypkg-0.0.0-py3.6.egg-info
[0.727s] running install_scripts
[0.743s] Installing listener script to /home/katsuki/ros2_ws/src/mypkg/install/mypkg/lib/mypkg
[0.743s] Installing talker script to /home/katsuki/ros2_ws/src/mypkg/install/mypkg/lib/mypkg
[0.743s] writing list of installed files to '/home/katsuki/ros2_ws/src/mypkg/build/mypkg/install.log'
[0.762s] Invoked command in '/home/katsuki/ros2_ws/src/mypkg' returned '0': PYTHONPATH=/home/katsuki/ros2_ws/src/mypkg/install/mypkg/lib/python3.6/site-packages:${PYTHONPATH} /usr/bin/python3 setup.py egg_info --egg-base build/mypkg build --build-base /home/katsuki/ros2_ws/src/mypkg/build/mypkg/build install --prefix /home/katsuki/ros2_ws/src/mypkg/install/mypkg --record /home/katsuki/ros2_ws/src/mypkg/build/mypkg/install.log --single-version-externally-managed
