[0.487s] Invoking command in '/home/katsuki/ros2_ws/src/mypkg': PYTHONPATH=/home/katsuki/ros2_ws/src/mypkg/install/mypkg/lib/python3.6/site-packages:${PYTHONPATH} /usr/bin/python3 setup.py egg_info --egg-base build/mypkg build --build-base /home/katsuki/ros2_ws/src/mypkg/build/mypkg/build install --prefix /home/katsuki/ros2_ws/src/mypkg/install/mypkg --record /home/katsuki/ros2_ws/src/mypkg/build/mypkg/install.log --single-version-externally-managed
[0.677s] running egg_info
[0.678s] writing build/mypkg/mypkg.egg-info/PKG-INFO
[0.678s] writing dependency_links to build/mypkg/mypkg.egg-info/dependency_links.txt
[0.679s] writing entry points to build/mypkg/mypkg.egg-info/entry_points.txt
[0.679s] writing requirements to build/mypkg/mypkg.egg-info/requires.txt
[0.679s] writing top-level names to build/mypkg/mypkg.egg-info/top_level.txt
[0.708s] reading manifest file 'build/mypkg/mypkg.egg-info/SOURCES.txt'
[0.709s] writing manifest file 'build/mypkg/mypkg.egg-info/SOURCES.txt'
[0.709s] running build
[0.710s] running build_py
[0.710s] running install
[0.710s] running install_lib
[0.711s] running install_data
[0.711s] running install_egg_info
[0.713s] removing '/home/katsuki/ros2_ws/src/mypkg/install/mypkg/lib/python3.6/site-packages/mypkg-0.0.0-py3.6.egg-info' (and everything under it)
[0.713s] Copying build/mypkg/mypkg.egg-info to /home/katsuki/ros2_ws/src/mypkg/install/mypkg/lib/python3.6/site-packages/mypkg-0.0.0-py3.6.egg-info
[0.714s] running install_scripts
[0.730s] Installing listener script to /home/katsuki/ros2_ws/src/mypkg/install/mypkg/lib/mypkg
[0.730s] Installing talker script to /home/katsuki/ros2_ws/src/mypkg/install/mypkg/lib/mypkg
[0.730s] writing list of installed files to '/home/katsuki/ros2_ws/src/mypkg/build/mypkg/install.log'
[0.750s] Invoked command in '/home/katsuki/ros2_ws/src/mypkg' returned '0': PYTHONPATH=/home/katsuki/ros2_ws/src/mypkg/install/mypkg/lib/python3.6/site-packages:${PYTHONPATH} /usr/bin/python3 setup.py egg_info --egg-base build/mypkg build --build-base /home/katsuki/ros2_ws/src/mypkg/build/mypkg/build install --prefix /home/katsuki/ros2_ws/src/mypkg/install/mypkg --record /home/katsuki/ros2_ws/src/mypkg/build/mypkg/install.log --single-version-externally-managed
