[1.357s] Invoking command in '/home/katsuki/ros2_ws/src/mypkg': PYTHONPATH=/home/katsuki/ros2_ws/src/mypkg/install/mypkg/lib/python3.6/site-packages:${PYTHONPATH} /usr/bin/python3 setup.py egg_info --egg-base build/mypkg build --build-base /home/katsuki/ros2_ws/src/mypkg/build/mypkg/build install --prefix /home/katsuki/ros2_ws/src/mypkg/install/mypkg --record /home/katsuki/ros2_ws/src/mypkg/build/mypkg/install.log --single-version-externally-managed
[1.747s] running egg_info
[1.748s] creating build/mypkg/mypkg.egg-info
[1.749s] writing build/mypkg/mypkg.egg-info/PKG-INFO
[1.749s] writing dependency_links to build/mypkg/mypkg.egg-info/dependency_links.txt
[1.750s] writing entry points to build/mypkg/mypkg.egg-info/entry_points.txt
[1.750s] writing requirements to build/mypkg/mypkg.egg-info/requires.txt
[1.751s] writing top-level names to build/mypkg/mypkg.egg-info/top_level.txt
[1.751s] writing manifest file 'build/mypkg/mypkg.egg-info/SOURCES.txt'
[1.828s] reading manifest file 'build/mypkg/mypkg.egg-info/SOURCES.txt'
[1.830s] writing manifest file 'build/mypkg/mypkg.egg-info/SOURCES.txt'
[1.831s] running build
[1.831s] running build_py
[1.832s] creating /home/katsuki/ros2_ws/src/mypkg/build/mypkg/build
[1.832s] creating /home/katsuki/ros2_ws/src/mypkg/build/mypkg/build/lib
[1.833s] creating /home/katsuki/ros2_ws/src/mypkg/build/mypkg/build/lib/mypkg
[1.833s] copying mypkg/talker.py -> /home/katsuki/ros2_ws/src/mypkg/build/mypkg/build/lib/mypkg
[1.834s] copying mypkg/listener.py -> /home/katsuki/ros2_ws/src/mypkg/build/mypkg/build/lib/mypkg
[1.834s] copying mypkg/__init__.py -> /home/katsuki/ros2_ws/src/mypkg/build/mypkg/build/lib/mypkg
[1.835s] running install
[1.836s] running install_lib
[1.836s] creating /home/katsuki/ros2_ws/src/mypkg/install/mypkg/lib/python3.6/site-packages/mypkg
[1.837s] copying /home/katsuki/ros2_ws/src/mypkg/build/mypkg/build/lib/mypkg/talker.py -> /home/katsuki/ros2_ws/src/mypkg/install/mypkg/lib/python3.6/site-packages/mypkg
[1.837s] copying /home/katsuki/ros2_ws/src/mypkg/build/mypkg/build/lib/mypkg/listener.py -> /home/katsuki/ros2_ws/src/mypkg/install/mypkg/lib/python3.6/site-packages/mypkg
[1.837s] copying /home/katsuki/ros2_ws/src/mypkg/build/mypkg/build/lib/mypkg/__init__.py -> /home/katsuki/ros2_ws/src/mypkg/install/mypkg/lib/python3.6/site-packages/mypkg
[1.838s] byte-compiling /home/katsuki/ros2_ws/src/mypkg/install/mypkg/lib/python3.6/site-packages/mypkg/talker.py to talker.cpython-36.pyc
[1.838s] byte-compiling /home/katsuki/ros2_ws/src/mypkg/install/mypkg/lib/python3.6/site-packages/mypkg/listener.py to listener.cpython-36.pyc
[1.839s] byte-compiling /home/katsuki/ros2_ws/src/mypkg/install/mypkg/lib/python3.6/site-packages/mypkg/__init__.py to __init__.cpython-36.pyc
[1.840s] running install_data
[1.841s] creating /home/katsuki/ros2_ws/src/mypkg/install/mypkg/share/ament_index
[1.842s] creating /home/katsuki/ros2_ws/src/mypkg/install/mypkg/share/ament_index/resource_index
[1.842s] creating /home/katsuki/ros2_ws/src/mypkg/install/mypkg/share/ament_index/resource_index/packages
[1.842s] copying resource/mypkg -> /home/katsuki/ros2_ws/src/mypkg/install/mypkg/share/ament_index/resource_index/packages
[1.843s] copying package.xml -> /home/katsuki/ros2_ws/src/mypkg/install/mypkg/share/mypkg
[1.843s] copying launch/talk_listen.launch.py -> /home/katsuki/ros2_ws/src/mypkg/install/mypkg/share/mypkg
[1.843s] running install_egg_info
[1.846s] Copying build/mypkg/mypkg.egg-info to /home/katsuki/ros2_ws/src/mypkg/install/mypkg/lib/python3.6/site-packages/mypkg-0.0.0-py3.6.egg-info
[1.848s] running install_scripts
[1.890s] Installing listener script to /home/katsuki/ros2_ws/src/mypkg/install/mypkg/lib/mypkg
[1.891s] Installing talker script to /home/katsuki/ros2_ws/src/mypkg/install/mypkg/lib/mypkg
[1.892s] writing list of installed files to '/home/katsuki/ros2_ws/src/mypkg/build/mypkg/install.log'
[1.934s] Invoked command in '/home/katsuki/ros2_ws/src/mypkg' returned '0': PYTHONPATH=/home/katsuki/ros2_ws/src/mypkg/install/mypkg/lib/python3.6/site-packages:${PYTHONPATH} /usr/bin/python3 setup.py egg_info --egg-base build/mypkg build --build-base /home/katsuki/ros2_ws/src/mypkg/build/mypkg/build install --prefix /home/katsuki/ros2_ws/src/mypkg/install/mypkg --record /home/katsuki/ros2_ws/src/mypkg/build/mypkg/install.log --single-version-externally-managed
